<?xml version="1.0" encoding="UTF-8"?>
<!-- Generated by org.testng.reporters.JUnitXMLReporter -->
<testsuite hostname="EPUAKHAW0236" name="Default test" tests="4" failures="0" timestamp="25 May 2015 16:49:05 GMT" time="20.422" errors="0">
  <testcase name="loginToMail" time="5.645" classname="mail.MailYandexTests"/>
  <testcase name="beginCreationOfLetter" time="4.127" classname="mail.MailYandexTests"/>
  <testcase name="checkTheLetter" time="1.071" classname="mail.MailYandexTests"/>
  <testcase name="sendTheLetter" time="4.035" classname="mail.MailYandexTests"/>
</testsuite> <!-- Default test -->
