<?xml version="1.0" encoding="UTF-8"?>
<!-- Generated by org.testng.reporters.JUnitXMLReporter -->
<testsuite hostname="EPUAKHAW0236" name="Default test" tests="4" failures="0" timestamp="26 May 2015 10:51:59 GMT" time="27.19" errors="0">
  <testcase name="loginToMail" time="4.448" classname="mail.MailYandexTests"/>
  <testcase name="beginCreationOfLetter" time="9.1" classname="mail.MailYandexTests"/>
  <testcase name="checkTheLetter" time="0.917" classname="mail.MailYandexTests"/>
  <testcase name="sendTheLetter" time="3.561" classname="mail.MailYandexTests"/>
</testsuite> <!-- Default test -->
