<?xml version="1.0" encoding="UTF-8"?>
<!-- Generated by org.testng.reporters.JUnitXMLReporter -->
<testsuite hostname="EPUAKHAW0236" name="mails" tests="12" failures="0" timestamp="26 May 2015 07:57:21 GMT" time="0.125" errors="0">
  <testcase name="@BeforeClass beforeClass" time="0.0" classname="mail.MailIUATests">
    <failure type="java.lang.NullPointerException">
      <![CDATA[java.lang.NullPointerException
	at mail.MailIUATests.beforeClass(MailIUATests.java:50)
... Removed 24 stack frames]]>
    </failure>
  </testcase> <!-- @BeforeClass beforeClass -->
  <testcase name="@AfterClass afterClass" time="0.0" classname="mail.MailIUATests">
    <skipped/>
  </testcase> <!-- @AfterClass afterClass -->
  <testcase name="@AfterClass afterSuite" time="0.0" classname="mail.MailIUATests">
    <skipped/>
  </testcase> <!-- @AfterClass afterSuite -->
  <testcase name="@BeforeClass beforeClass" time="0.0" classname="mail.MailYandexTests">
    <skipped/>
  </testcase> <!-- @BeforeClass beforeClass -->
  <testcase name="@AfterClass afterClass" time="0.0" classname="mail.MailYandexTests">
    <skipped/>
  </testcase> <!-- @AfterClass afterClass -->
  <testcase name="@AfterClass afterSuite" time="0.0" classname="mail.MailYandexTests">
    <skipped/>
  </testcase> <!-- @AfterClass afterSuite -->
  <testcase name="@BeforeClass beforeClass" time="0.0" classname="mail.MailGmailTests">
    <skipped/>
  </testcase> <!-- @BeforeClass beforeClass -->
  <testcase name="@AfterClass afterClass" time="0.0" classname="mail.MailGmailTests">
    <skipped/>
  </testcase> <!-- @AfterClass afterClass -->
  <testcase name="@AfterClass afterSuite" time="0.0" classname="mail.MailGmailTests">
    <skipped/>
  </testcase> <!-- @AfterClass afterSuite -->
  <testcase name="loginToMail" time="0.0" classname="mail.MailIUATests">
    <skipped/>
  </testcase> <!-- loginToMail -->
  <testcase name="beginCreationOfLetter" time="0.001" classname="mail.MailIUATests">
    <skipped/>
  </testcase> <!-- beginCreationOfLetter -->
  <testcase name="checkTheLetter" time="0.0" classname="mail.MailIUATests">
    <skipped/>
  </testcase> <!-- checkTheLetter -->
  <testcase name="sendTheLetter" time="0.0" classname="mail.MailIUATests">
    <skipped/>
  </testcase> <!-- sendTheLetter -->
  <testcase name="loginToMail" time="0.001" classname="mail.MailYandexTests">
    <skipped/>
  </testcase> <!-- loginToMail -->
  <testcase name="beginCreationOfLetter" time="0.0" classname="mail.MailYandexTests">
    <skipped/>
  </testcase> <!-- beginCreationOfLetter -->
  <testcase name="checkTheLetter" time="0.0" classname="mail.MailYandexTests">
    <skipped/>
  </testcase> <!-- checkTheLetter -->
  <testcase name="sendTheLetter" time="0.0" classname="mail.MailYandexTests">
    <skipped/>
  </testcase> <!-- sendTheLetter -->
  <testcase name="loginToMail" time="0.001" classname="mail.MailGmailTests">
    <skipped/>
  </testcase> <!-- loginToMail -->
  <testcase name="beginCreationOfLetter" time="0.0" classname="mail.MailGmailTests">
    <skipped/>
  </testcase> <!-- beginCreationOfLetter -->
  <testcase name="checkTheLetter" time="0.0" classname="mail.MailGmailTests">
    <skipped/>
  </testcase> <!-- checkTheLetter -->
  <testcase name="sendTheLetter" time="0.0" classname="mail.MailGmailTests">
    <skipped/>
  </testcase> <!-- sendTheLetter -->
</testsuite> <!-- mails -->
