<?xml version="1.0" encoding="UTF-8"?>
<testng-results skipped="0" failed="1" total="12" passed="11">
  <reporter-output>
  </reporter-output>
  <suite name="MailSuite" duration-ms="121808" started-at="2015-05-26T09:12:56Z" finished-at="2015-05-26T09:14:58Z">
    <groups>
    </groups>
    <test name="mails" duration-ms="121808" started-at="2015-05-26T09:12:56Z" finished-at="2015-05-26T09:14:58Z">
      <class name="mail.MailIUATests">
        <test-method status="PASS" signature="beforeClass()[pri:0, instance:mail.MailIUATests@b684286]" name="beforeClass" is-config="true" duration-ms="7411" started-at="2015-05-26T12:12:56Z" finished-at="2015-05-26T12:13:03Z">
          <reporter-output>
          </reporter-output>
        </test-method> <!-- beforeClass -->
        <test-method status="PASS" signature="loginToMail()[pri:0, instance:mail.MailIUATests@b684286]" name="loginToMail" duration-ms="7743" started-at="2015-05-26T12:13:03Z" description="Login to mail" finished-at="2015-05-26T12:13:11Z">
          <reporter-output>
          </reporter-output>
        </test-method> <!-- loginToMail -->
        <test-method status="PASS" signature="beginCreationOfLetter()[pri:0, instance:mail.MailIUATests@b684286]" name="beginCreationOfLetter" duration-ms="4924" started-at="2015-05-26T12:13:11Z" description="Begin new letter creation" depends-on-methods="mail.MailIUATests.loginToMail" finished-at="2015-05-26T12:13:16Z">
          <reporter-output>
          </reporter-output>
        </test-method> <!-- beginCreationOfLetter -->
        <test-method status="PASS" signature="checkTheLetter()[pri:0, instance:mail.MailIUATests@b684286]" name="checkTheLetter" duration-ms="1547" started-at="2015-05-26T12:13:16Z" description="Checking the contains of letter" depends-on-methods="mail.MailIUATests.beginCreationOfLetter" finished-at="2015-05-26T12:13:18Z">
          <reporter-output>
          </reporter-output>
        </test-method> <!-- checkTheLetter -->
        <test-method status="PASS" signature="sendTheLetter()[pri:0, instance:mail.MailIUATests@b684286]" name="sendTheLetter" duration-ms="17225" started-at="2015-05-26T12:13:18Z" description="Send the letter" depends-on-methods="mail.MailIUATests.checkTheLetter" finished-at="2015-05-26T12:13:35Z">
          <reporter-output>
          </reporter-output>
        </test-method> <!-- sendTheLetter -->
        <test-method status="PASS" signature="afterClass()[pri:0, instance:mail.MailIUATests@b684286]" name="afterClass" is-config="true" duration-ms="6647" started-at="2015-05-26T12:13:35Z" finished-at="2015-05-26T12:13:41Z">
          <reporter-output>
          </reporter-output>
        </test-method> <!-- afterClass -->
      </class> <!-- mail.MailIUATests -->
      <class name="mail.MailYandexTests">
        <test-method status="PASS" signature="beforeClass()[pri:0, instance:mail.MailYandexTests@880ec60]" name="beforeClass" is-config="true" duration-ms="4572" started-at="2015-05-26T12:13:41Z" finished-at="2015-05-26T12:13:46Z">
          <reporter-output>
          </reporter-output>
        </test-method> <!-- beforeClass -->
        <test-method status="PASS" signature="loginToMail()[pri:0, instance:mail.MailYandexTests@880ec60]" name="loginToMail" duration-ms="4371" started-at="2015-05-26T12:13:46Z" description="Login to mail" finished-at="2015-05-26T12:13:50Z">
          <reporter-output>
          </reporter-output>
        </test-method> <!-- loginToMail -->
        <test-method status="PASS" signature="beginCreationOfLetter()[pri:0, instance:mail.MailYandexTests@880ec60]" name="beginCreationOfLetter" duration-ms="6499" started-at="2015-05-26T12:13:50Z" description="Begin new letter creation" depends-on-methods="mail.MailYandexTests.loginToMail" finished-at="2015-05-26T12:13:57Z">
          <reporter-output>
          </reporter-output>
        </test-method> <!-- beginCreationOfLetter -->
        <test-method status="PASS" signature="checkTheLetter()[pri:0, instance:mail.MailYandexTests@880ec60]" name="checkTheLetter" duration-ms="998" started-at="2015-05-26T12:13:57Z" description="Checking the contains of letter" depends-on-methods="mail.MailYandexTests.beginCreationOfLetter" finished-at="2015-05-26T12:13:58Z">
          <reporter-output>
          </reporter-output>
        </test-method> <!-- checkTheLetter -->
        <test-method status="FAIL" signature="sendTheLetter()[pri:0, instance:mail.MailYandexTests@880ec60]" name="sendTheLetter" duration-ms="21243" started-at="2015-05-26T12:13:58Z" description="Send the letter" depends-on-methods="mail.MailYandexTests.checkTheLetter" finished-at="2015-05-26T12:14:19Z">
          <exception class="org.openqa.selenium.StaleElementReferenceException">
            <message>
              <![CDATA[Element not found in the cache - perhaps the page has changed since it was looked up
Command duration or timeout: 20.32 seconds
For documentation on this error, please visit: http://seleniumhq.org/exceptions/stale_element_reference.html
Build info: version: '2.45.0', revision: '5017cb8e7ca8e37638dc3091b2440b90a1d8686f', time: '2015-02-27 09:10:26'
System info: host: 'EPUAKHAW0236', ip: '169.254.194.120', os.name: 'Windows 7', os.arch: 'amd64', os.version: '6.1', java.version: '1.8.0_40'
Driver info: org.openqa.selenium.firefox.FirefoxDriver
Capabilities [{applicationCacheEnabled=true, rotatable=false, handlesAlerts=true, databaseEnabled=true, version=38.0.1, platform=WINDOWS, nativeEvents=false, acceptSslCerts=true, webStorageEnabled=true, locationContextEnabled=true, browserName=firefox, takesScreenshot=true, javascriptEnabled=true, cssSelectorsEnabled=true}]
Session ID: f6b0aa78-ca22-4915-b65c-1206b46209a9]]>
            </message>
            <full-stacktrace>
              <![CDATA[org.openqa.selenium.StaleElementReferenceException: Element not found in the cache - perhaps the page has changed since it was looked up
Command duration or timeout: 20.32 seconds
For documentation on this error, please visit: http://seleniumhq.org/exceptions/stale_element_reference.html
Build info: version: '2.45.0', revision: '5017cb8e7ca8e37638dc3091b2440b90a1d8686f', time: '2015-02-27 09:10:26'
System info: host: 'EPUAKHAW0236', ip: '169.254.194.120', os.name: 'Windows 7', os.arch: 'amd64', os.version: '6.1', java.version: '1.8.0_40'
Driver info: org.openqa.selenium.firefox.FirefoxDriver
Capabilities [{applicationCacheEnabled=true, rotatable=false, handlesAlerts=true, databaseEnabled=true, version=38.0.1, platform=WINDOWS, nativeEvents=false, acceptSslCerts=true, webStorageEnabled=true, locationContextEnabled=true, browserName=firefox, takesScreenshot=true, javascriptEnabled=true, cssSelectorsEnabled=true}]
Session ID: f6b0aa78-ca22-4915-b65c-1206b46209a9
	at sun.reflect.NativeConstructorAccessorImpl.newInstance0(Native Method)
	at sun.reflect.NativeConstructorAccessorImpl.newInstance(NativeConstructorAccessorImpl.java:62)
	at sun.reflect.DelegatingConstructorAccessorImpl.newInstance(DelegatingConstructorAccessorImpl.java:45)
	at java.lang.reflect.Constructor.newInstance(Constructor.java:422)
	at org.openqa.selenium.remote.ErrorHandler.createThrowable(ErrorHandler.java:204)
	at org.openqa.selenium.remote.ErrorHandler.throwIfResponseFailed(ErrorHandler.java:156)
	at org.openqa.selenium.remote.RemoteWebDriver.execute(RemoteWebDriver.java:599)
	at org.openqa.selenium.remote.RemoteWebElement.execute(RemoteWebElement.java:268)
	at org.openqa.selenium.remote.RemoteWebElement.click(RemoteWebElement.java:79)
	at sun.reflect.NativeMethodAccessorImpl.invoke0(Native Method)
	at sun.reflect.NativeMethodAccessorImpl.invoke(NativeMethodAccessorImpl.java:62)
	at sun.reflect.DelegatingMethodAccessorImpl.invoke(DelegatingMethodAccessorImpl.java:43)
	at java.lang.reflect.Method.invoke(Method.java:497)
	at org.openqa.selenium.support.pagefactory.internal.LocatingElementHandler.invoke(LocatingElementHandler.java:50)
	at com.sun.proxy.$Proxy7.click(Unknown Source)
	at mail.pages.yandex.SentLettersYandexPage.goToGrft(SentLettersYandexPage.java:19)
	at mail.MailYandexTests.sendTheLetter(MailYandexTests.java:71)
	at sun.reflect.NativeMethodAccessorImpl.invoke0(Native Method)
	at sun.reflect.NativeMethodAccessorImpl.invoke(NativeMethodAccessorImpl.java:62)
	at sun.reflect.DelegatingMethodAccessorImpl.invoke(DelegatingMethodAccessorImpl.java:43)
	at java.lang.reflect.Method.invoke(Method.java:497)
	at org.testng.internal.MethodInvocationHelper.invokeMethod(MethodInvocationHelper.java:85)
	at org.testng.internal.Invoker.invokeMethod(Invoker.java:659)
	at org.testng.internal.Invoker.invokeTestMethod(Invoker.java:845)
	at org.testng.internal.Invoker.invokeTestMethods(Invoker.java:1153)
	at org.testng.internal.TestMethodWorker.invokeTestMethods(TestMethodWorker.java:125)
	at org.testng.internal.TestMethodWorker.run(TestMethodWorker.java:108)
	at org.testng.TestRunner.privateRun(TestRunner.java:771)
	at org.testng.TestRunner.run(TestRunner.java:621)
	at org.testng.SuiteRunner.runTest(SuiteRunner.java:357)
	at org.testng.SuiteRunner.runSequentially(SuiteRunner.java:352)
	at org.testng.SuiteRunner.privateRun(SuiteRunner.java:310)
	at org.testng.SuiteRunner.run(SuiteRunner.java:259)
	at org.testng.SuiteRunnerWorker.runSuite(SuiteRunnerWorker.java:52)
	at org.testng.SuiteRunnerWorker.run(SuiteRunnerWorker.java:86)
	at org.testng.TestNG.runSuitesSequentially(TestNG.java:1199)
	at org.testng.TestNG.runSuitesLocally(TestNG.java:1124)
	at org.testng.TestNG.run(TestNG.java:1032)
	at org.testng.remote.RemoteTestNG.run(RemoteTestNG.java:111)
	at org.testng.remote.RemoteTestNG.initAndRun(RemoteTestNG.java:204)
	at org.testng.remote.RemoteTestNG.main(RemoteTestNG.java:175)
Caused by: org.openqa.selenium.StaleElementReferenceException: Element not found in the cache - perhaps the page has changed since it was looked up
For documentation on this error, please visit: http://seleniumhq.org/exceptions/stale_element_reference.html
Build info: version: '2.45.0', revision: '5017cb8e7ca8e37638dc3091b2440b90a1d8686f', time: '2015-02-27 09:10:26'
System info: host: 'EPUAKHAW0236', ip: '169.254.194.120', os.name: 'Windows 7', os.arch: 'amd64', os.version: '6.1', java.version: '1.8.0_40'
Driver info: driver.version: unknown
	at <anonymous class>.fxdriver.cache.getElementAt(resource://fxdriver/modules/web-element-cache.js:8953)
	at <anonymous class>.Utils.getElementAt(file:///C:/Users/Anton_Savostytskyi/AppData/Local/Temp/anonymous7385798940583894565webdriver-profile/extensions/fxdriver@googlecode.com/components/command-processor.js:8546)
	at <anonymous class>.fxdriver.preconditions.visible(file:///C:/Users/Anton_Savostytskyi/AppData/Local/Temp/anonymous7385798940583894565webdriver-profile/extensions/fxdriver@googlecode.com/components/command-processor.js:9585)
	at <anonymous class>.DelayedCommand.prototype.checkPreconditions_(file:///C:/Users/Anton_Savostytskyi/AppData/Local/Temp/anonymous7385798940583894565webdriver-profile/extensions/fxdriver@googlecode.com/components/command-processor.js:12257)
	at <anonymous class>.DelayedCommand.prototype.executeInternal_/h(file:///C:/Users/Anton_Savostytskyi/AppData/Local/Temp/anonymous7385798940583894565webdriver-profile/extensions/fxdriver@googlecode.com/components/command-processor.js:12274)
	at <anonymous class>.fxdriver.Timer.prototype.setTimeout/<.notify(file:///C:/Users/Anton_Savostytskyi/AppData/Local/Temp/anonymous7385798940583894565webdriver-profile/extensions/fxdriver@googlecode.com/components/command-processor.js:603)
]]>
            </full-stacktrace>
          </exception> <!-- org.openqa.selenium.StaleElementReferenceException -->
          <reporter-output>
          </reporter-output>
        </test-method> <!-- sendTheLetter -->
        <test-method status="PASS" signature="afterClass()[pri:0, instance:mail.MailYandexTests@880ec60]" name="afterClass" is-config="true" duration-ms="7127" started-at="2015-05-26T12:14:19Z" finished-at="2015-05-26T12:14:26Z">
          <reporter-output>
          </reporter-output>
        </test-method> <!-- afterClass -->
      </class> <!-- mail.MailYandexTests -->
      <class name="mail.MailGmailTests">
        <test-method status="PASS" signature="beforeClass()[pri:0, instance:mail.MailGmailTests@1d251891]" name="beforeClass" is-config="true" duration-ms="8798" started-at="2015-05-26T12:14:26Z" finished-at="2015-05-26T12:14:35Z">
          <reporter-output>
          </reporter-output>
        </test-method> <!-- beforeClass -->
        <test-method status="PASS" signature="loginToMail()[pri:0, instance:mail.MailGmailTests@1d251891]" name="loginToMail" duration-ms="7979" started-at="2015-05-26T12:14:35Z" description="Login to mail" finished-at="2015-05-26T12:14:43Z">
          <reporter-output>
          </reporter-output>
        </test-method> <!-- loginToMail -->
        <test-method status="PASS" signature="beginCreationOfLetter()[pri:0, instance:mail.MailGmailTests@1d251891]" name="beginCreationOfLetter" duration-ms="6558" started-at="2015-05-26T12:14:43Z" description="Begin new letter creation" depends-on-methods="mail.MailGmailTests.loginToMail" finished-at="2015-05-26T12:14:50Z">
          <reporter-output>
          </reporter-output>
        </test-method> <!-- beginCreationOfLetter -->
        <test-method status="PASS" signature="checkTheLetter()[pri:0, instance:mail.MailGmailTests@1d251891]" name="checkTheLetter" duration-ms="2015" started-at="2015-05-26T12:14:50Z" description="Checking the contains of letter" depends-on-methods="mail.MailGmailTests.beginCreationOfLetter" finished-at="2015-05-26T12:14:52Z">
          <reporter-output>
          </reporter-output>
        </test-method> <!-- checkTheLetter -->
        <test-method status="PASS" signature="sendTheLetter()[pri:0, instance:mail.MailGmailTests@1d251891]" name="sendTheLetter" duration-ms="2789" started-at="2015-05-26T12:14:52Z" description="Send the letter" depends-on-methods="mail.MailGmailTests.checkTheLetter" finished-at="2015-05-26T12:14:54Z">
          <reporter-output>
          </reporter-output>
        </test-method> <!-- sendTheLetter -->
        <test-method status="PASS" signature="afterClass()[pri:0, instance:mail.MailGmailTests@1d251891]" name="afterClass" is-config="true" duration-ms="3323" started-at="2015-05-26T12:14:54Z" finished-at="2015-05-26T12:14:58Z">
          <reporter-output>
          </reporter-output>
        </test-method> <!-- afterClass -->
        <test-method status="PASS" signature="afterSuite()[pri:0, instance:mail.MailGmailTests@1d251891]" name="afterSuite" is-config="true" duration-ms="0" started-at="2015-05-26T12:14:58Z" finished-at="2015-05-26T12:14:58Z">
          <reporter-output>
          </reporter-output>
        </test-method> <!-- afterSuite -->
      </class> <!-- mail.MailGmailTests -->
    </test> <!-- mails -->
  </suite> <!-- MailSuite -->
</testng-results>
