<?xml version="1.0" encoding="UTF-8"?>
<testng-results skipped="0" failed="0" total="4" passed="4">
  <reporter-output>
  </reporter-output>
  <suite name="Default suite" duration-ms="32087" started-at="2015-05-27T15:08:43Z" finished-at="2015-05-27T15:09:15Z">
    <groups>
    </groups>
    <test name="Default test" duration-ms="32087" started-at="2015-05-27T15:08:43Z" finished-at="2015-05-27T15:09:15Z">
      <class name="mail.MailGmailTests">
        <test-method status="PASS" signature="beforeClass()[pri:0, instance:mail.MailGmailTests@1b0375b3]" name="beforeClass" is-config="true" duration-ms="7081" started-at="2015-05-27T18:08:43Z" finished-at="2015-05-27T18:08:50Z">
          <reporter-output>
          </reporter-output>
        </test-method> <!-- beforeClass -->
        <test-method status="PASS" signature="loginToMail()[pri:0, instance:mail.MailGmailTests@1b0375b3]" name="loginToMail" duration-ms="9260" started-at="2015-05-27T18:08:50Z" description="Login to mail" finished-at="2015-05-27T18:08:59Z">
          <reporter-output>
          </reporter-output>
        </test-method> <!-- loginToMail -->
        <test-method status="PASS" signature="beginCreationOfLetter()[pri:0, instance:mail.MailGmailTests@1b0375b3]" name="beginCreationOfLetter" duration-ms="7195" started-at="2015-05-27T18:08:59Z" description="Begin new letter creation" depends-on-methods="mail.MailGmailTests.loginToMail" finished-at="2015-05-27T18:09:06Z">
          <reporter-output>
          </reporter-output>
        </test-method> <!-- beginCreationOfLetter -->
        <test-method status="PASS" signature="checkTheLetter()[pri:0, instance:mail.MailGmailTests@1b0375b3]" name="checkTheLetter" duration-ms="2026" started-at="2015-05-27T18:09:06Z" description="Checking the contains of letter" depends-on-methods="mail.MailGmailTests.beginCreationOfLetter" finished-at="2015-05-27T18:09:08Z">
          <reporter-output>
          </reporter-output>
        </test-method> <!-- checkTheLetter -->
        <test-method status="PASS" signature="sendTheLetter()[pri:0, instance:mail.MailGmailTests@1b0375b3]" name="sendTheLetter" duration-ms="3002" started-at="2015-05-27T18:09:08Z" description="Send the letter" depends-on-methods="mail.MailGmailTests.checkTheLetter" finished-at="2015-05-27T18:09:11Z">
          <reporter-output>
          </reporter-output>
        </test-method> <!-- sendTheLetter -->
        <test-method status="PASS" signature="afterClass()[pri:0, instance:mail.MailGmailTests@1b0375b3]" name="afterClass" is-config="true" duration-ms="3495" started-at="2015-05-27T18:09:11Z" finished-at="2015-05-27T18:09:15Z">
          <reporter-output>
          </reporter-output>
        </test-method> <!-- afterClass -->
      </class> <!-- mail.MailGmailTests -->
    </test> <!-- Default test -->
  </suite> <!-- Default suite -->
</testng-results>
